TN:
SF:src/Header.jsx
FN:8,Header
FNF:1
FNH:1
FNDA:5,Header
DA:1,1
DA:3,1
DA:5,1
DA:6,1
DA:8,1
DA:9,5
DA:10,5
DA:11,5
DA:12,5
DA:13,5
DA:14,5
DA:15,5
DA:16,5
DA:17,5
DA:18,5
DA:19,5
DA:20,5
DA:21,5
DA:22,5
DA:23,5
DA:24,5
DA:25,5
DA:26,5
DA:27,5
DA:28,5
DA:29,5
DA:30,5
DA:31,5
DA:32,2
DA:33,2
DA:34,2
DA:35,2
DA:36,2
DA:37,2
DA:39,3
DA:40,3
DA:41,3
DA:42,3
DA:44,5
DA:45,5
DA:46,5
DA:49,1
DA:50,1
DA:51,1
DA:52,1
DA:53,1
DA:54,1
DA:55,1
DA:56,1
LF:49
LH:49
BRDA:1,0,0,0
BRDA:3,1,0,0
BRDA:8,2,0,5
BRDA:31,3,0,2
BRDA:37,4,0,3
BRF:5
BRH:3
end_of_record
TN:
SF:src/Page.jsx
FN:6,Page
FN:13,onLogin
FN:14,onLogout
FN:15,onCreateAccount
FNF:4
FNH:2
FNDA:3,Page
FNDA:1,onLogin
FNDA:0,onLogout
FNDA:0,onCreateAccount
DA:1,1
DA:3,1
DA:4,1
DA:6,1
DA:7,3
DA:9,3
DA:10,3
DA:11,3
DA:12,3
DA:13,3
DA:14,3
DA:15,3
DA:16,3
DA:18,3
DA:19,3
DA:20,3
DA:21,3
DA:22,3
DA:23,3
DA:24,3
DA:26,3
DA:27,3
DA:31,3
DA:32,3
DA:33,3
DA:36,3
DA:37,3
DA:40,3
DA:41,3
DA:42,3
DA:43,3
DA:44,3
DA:46,3
DA:47,3
DA:48,3
DA:50,3
DA:52,3
DA:53,3
DA:54,3
DA:55,3
DA:56,3
DA:57,3
DA:58,3
DA:59,3
DA:60,3
DA:61,3
DA:62,3
DA:63,3
DA:65,3
DA:66,3
DA:67,3
DA:69,3
LF:52
LH:52
BRDA:1,0,0,0
BRDA:6,1,0,3
BRDA:13,2,0,1
BRF:3
BRH:2
end_of_record
TN:
SF:src/index.ts
FN:1,(empty-report)
FNF:1
FNH:0
FNDA:0,(empty-report)
DA:1,0
DA:2,0
DA:3,0
LF:3
LH:0
BRDA:1,0,0,0
BRF:1
BRH:0
end_of_record
TN:
SF:src/components/Button/Button.tsx
FN:4,Button
FNF:1
FNH:1
FNDA:12,Button
DA:1,1
DA:4,1
DA:5,12
DA:6,12
DA:7,12
DA:8,12
DA:9,12
DA:10,12
DA:11,12
DA:12,12
DA:13,12
DA:14,12
DA:15,12
DA:16,12
DA:17,12
DA:18,12
DA:19,12
DA:20,12
DA:21,12
DA:22,12
DA:23,12
DA:24,12
DA:25,12
DA:26,12
DA:27,12
DA:28,12
DA:29,12
DA:30,12
DA:31,12
DA:32,12
DA:33,12
DA:35,12
DA:36,12
DA:38,12
DA:40,1
LF:35
LH:35
BRDA:1,0,0,0
BRDA:4,1,0,12
BRDA:16,2,0,0
BRDA:17,3,0,0
BRF:4
BRH:1
end_of_record
TN:
SF:src/components/TextField/TextField.tsx
FN:4,TextField
FN:51,onChange
FNF:2
FNH:1
FNDA:6,TextField
FNDA:0,onChange
DA:1,1
DA:4,1
DA:5,6
DA:6,6
DA:7,6
DA:8,6
DA:9,6
DA:10,6
DA:11,6
DA:12,6
DA:13,6
DA:14,6
DA:15,6
DA:16,6
DA:17,6
DA:18,6
DA:19,6
DA:21,6
DA:22,6
DA:23,6
DA:24,6
DA:27,6
DA:28,6
DA:29,6
DA:30,6
DA:31,6
DA:32,6
DA:33,6
DA:34,6
DA:36,6
DA:37,6
DA:38,6
DA:39,6
DA:40,6
DA:41,6
DA:43,6
DA:44,6
DA:45,6
DA:46,6
DA:47,6
DA:48,6
DA:49,6
DA:50,6
DA:51,6
DA:52,6
DA:53,6
DA:54,6
DA:55,6
DA:57,6
DA:59,1
LF:50
LH:50
BRDA:1,0,0,0
BRDA:4,1,0,6
BRDA:27,2,0,0
BRF:3
BRH:1
end_of_record
TN:
SF:src/components/Typography/Typography.tsx
FN:4,Typography
FNF:1
FNH:1
FNDA:9,Typography
DA:1,1
DA:4,1
DA:5,9
DA:7,9
DA:8,9
DA:9,9
DA:10,9
DA:11,9
DA:12,9
DA:13,9
DA:14,9
DA:15,9
DA:16,9
DA:18,9
DA:20,1
LF:15
LH:15
BRDA:1,0,0,0
BRDA:4,1,0,9
BRDA:7,2,0,0
BRF:3
BRH:1
end_of_record
TN:
SF:src/types/Button.types.ts
FNF:0
FNH:0
DA:1,1
DA:6,1
DA:7,1
DA:8,1
DA:10,1
DA:11,1
DA:12,1
DA:14,1
DA:15,1
DA:16,1
DA:17,1
DA:18,1
DA:19,1
LF:13
LH:13
BRF:0
BRH:0
end_of_record
TN:
SF:src/types/TextField.types.ts
FN:1,(empty-report)
FNF:1
FNH:1
FNDA:1,(empty-report)
LF:0
LH:0
BRDA:1,0,0,1
BRF:1
BRH:1
end_of_record
TN:
SF:src/types/Typography.types.ts
FN:1,(empty-report)
FNF:1
FNH:1
FNDA:1,(empty-report)
LF:0
LH:0
BRDA:1,0,0,1
BRF:1
BRH:1
end_of_record
TN:
SF:src/types/style.types.ts
FNF:0
FNH:0
DA:1,1
DA:2,1
DA:3,1
DA:4,1
DA:5,1
DA:6,1
DA:7,1
DA:8,1
DA:9,1
DA:11,1
DA:12,1
DA:13,1
DA:14,1
DA:15,1
DA:16,1
DA:17,1
DA:18,1
DA:19,1
LF:18
LH:18
BRF:0
BRH:0
end_of_record
